2015-05-27 20:56:48 INFO  [org.springframework.web.context.ContextLoader:285,Scanner-0] Root WebApplicationContext: initialization started
2015-05-27 20:56:48 INFO  [org.springframework.web.context.support.XmlWebApplicationContext:513,Scanner-0] Refreshing Root WebApplicationContext: startup date [Wed May 27 20:56:48 CST 2015]; root of context hierarchy
2015-05-27 20:56:48 INFO  [org.springframework.beans.factory.xml.XmlBeanDefinitionReader:316,Scanner-0] Loading XML bean definitions from class path resource [spring-config-ds.xml]
2015-05-27 20:56:48 INFO  [org.springframework.beans.factory.xml.XmlBeanDefinitionReader:316,Scanner-0] Loading XML bean definitions from class path resource [spring/spring-config-jdbc.xml]
2015-05-27 20:56:48 INFO  [org.springframework.beans.factory.xml.XmlBeanDefinitionReader:316,Scanner-0] Loading XML bean definitions from class path resource [spring/spring-context-init.xml]
2015-05-27 20:56:48 INFO  [org.springframework.beans.factory.xml.XmlBeanDefinitionReader:316,Scanner-0] Loading XML bean definitions from class path resource [spring/spring-config-mvc.xml]
2015-05-27 20:56:48 INFO  [org.springframework.beans.factory.xml.XmlBeanDefinitionReader:316,Scanner-0] Loading XML bean definitions from class path resource [spring/spring-bean-crawler.xml]
2015-05-27 20:56:48 INFO  [org.springframework.beans.factory.xml.XmlBeanDefinitionReader:316,Scanner-0] Loading XML bean definitions from class path resource [spring/spring-bean-idober.xml]
2015-05-27 20:56:48 INFO  [org.springframework.beans.factory.config.PropertyPlaceholderConfigurer:172,Scanner-0] Loading properties file from class path resource [jdbc.properties]
2015-05-27 20:56:48 INFO  [org.springframework.beans.factory.annotation.AutowiredAnnotationBeanPostProcessor:141,Scanner-0] JSR-330 'javax.inject.Inject' annotation found and supported for autowiring
2015-05-27 20:56:49 INFO  [com.alibaba.druid.pool.DruidDataSource:633,Scanner-0] {dataSource-1} inited
2015-05-27 20:56:49 INFO  [org.springframework.web.servlet.mvc.method.annotation.RequestMappingHandlerMapping:182,Scanner-0] Mapped "{[/shopmgr/query],methods=[],params=[],headers=[],consumes=[],produces=[],custom=[]}" onto public java.lang.String com.lezo.idober.action.BrandShopController.listShops(org.springframework.ui.ModelMap,java.lang.Integer,java.lang.Integer,java.lang.String)
2015-05-27 20:56:49 INFO  [org.springframework.web.servlet.mvc.method.annotation.RequestMappingHandlerMapping:182,Scanner-0] Mapped "{[/data/send],methods=[POST],params=[],headers=[],consumes=[],produces=[],custom=[]}" onto public java.lang.String com.lezo.idober.action.ChomeController.index(org.springframework.ui.ModelMap,java.lang.String)
2015-05-27 20:56:49 INFO  [org.springframework.web.servlet.mvc.method.annotation.RequestMappingHandlerMapping:182,Scanner-0] Mapped "{[/],methods=[GET],params=[],headers=[],consumes=[],produces=[],custom=[]}" onto public java.lang.String com.lezo.idober.action.HomeController.index(org.springframework.ui.ModelMap)
2015-05-27 20:56:49 INFO  [org.springframework.web.servlet.mvc.method.annotation.RequestMappingHandlerMapping:182,Scanner-0] Mapped "{[/track/list],methods=[],params=[],headers=[],consumes=[],produces=[],custom=[]}" onto public java.lang.String com.lezo.idober.action.PromotionController.listPromotionTrackers(org.springframework.ui.ModelMap,java.util.Date,java.lang.Integer,java.lang.Integer)
2015-05-27 20:56:49 INFO  [org.springframework.web.servlet.mvc.method.annotation.RequestMappingHandlerMapping:182,Scanner-0] Mapped "{[/proxy],methods=[],params=[],headers=[],consumes=[],produces=[],custom=[]}" onto public java.lang.String com.lezo.idober.action.ProxyController.listSource(org.springframework.ui.ModelMap,java.lang.Integer,java.lang.Integer)
2015-05-27 20:56:49 INFO  [org.springframework.web.servlet.mvc.method.annotation.RequestMappingHandlerMapping:182,Scanner-0] Mapped "{[/proxy/usource],methods=[],params=[],headers=[],consumes=[],produces=[],custom=[]}" onto public java.lang.String com.lezo.idober.action.ProxyController.updateSource(org.springframework.ui.ModelMap,java.lang.Long,java.lang.String,java.lang.String,java.lang.Integer,java.lang.Integer,java.lang.Integer)
2015-05-27 20:56:49 INFO  [org.springframework.web.servlet.mvc.method.annotation.RequestMappingHandlerMapping:182,Scanner-0] Mapped "{[/proxy/execsrc],methods=[],params=[],headers=[],consumes=[],produces=[],custom=[]}" onto public java.lang.String com.lezo.idober.action.ProxyController.execSource(org.springframework.ui.ModelMap,java.lang.Long,java.lang.String,java.lang.String,java.lang.Integer,java.lang.Integer,java.lang.Integer)
2015-05-27 20:56:49 INFO  [org.springframework.web.servlet.mvc.method.annotation.RequestMappingHandlerMapping:182,Scanner-0] Mapped "{[/search/build],methods=[],params=[],headers=[],consumes=[],produces=[],custom=[]}" onto public java.lang.String com.lezo.idober.action.SearchController.buildSearch(org.springframework.ui.ModelMap,java.lang.String,java.lang.Integer,java.lang.Integer)
2015-05-27 20:56:49 INFO  [org.springframework.web.servlet.mvc.method.annotation.RequestMappingHandlerMapping:182,Scanner-0] Mapped "{[/search/query],methods=[],params=[],headers=[],consumes=[],produces=[],custom=[]}" onto public com.lezo.idober.vo.ActionReturnVo com.lezo.idober.action.SearchController.getSearchResult(org.springframework.ui.ModelMap,java.lang.Long)
2015-05-27 20:56:49 INFO  [org.springframework.web.servlet.mvc.method.annotation.RequestMappingHandlerMapping:182,Scanner-0] Mapped "{[/similar/query],methods=[],params=[],headers=[],consumes=[],produces=[],custom=[]}" onto public com.lezo.idober.vo.PageReturnVo<java.util.List<com.lezo.iscript.service.crawler.dto.SimilarDto>> com.lezo.idober.action.SimilarController.getSimilarList(org.springframework.ui.ModelMap,java.lang.Long,java.lang.String,java.lang.Float,java.lang.Float,java.lang.Integer,java.lang.Integer)
2015-05-27 20:56:49 INFO  [org.springframework.web.servlet.mvc.method.annotation.RequestMappingHandlerMapping:182,Scanner-0] Mapped "{[/similar],methods=[],params=[],headers=[],consumes=[],produces=[],custom=[]}" onto public java.lang.String com.lezo.idober.action.SimilarController.getSimilarSummery(org.springframework.ui.ModelMap)
2015-05-27 20:56:50 INFO  [org.springframework.web.servlet.handler.SimpleUrlHandlerMapping:315,Scanner-0] Mapped URL path [/css/**] onto handler 'org.springframework.web.servlet.resource.ResourceHttpRequestHandler#0'
2015-05-27 20:56:50 INFO  [org.springframework.web.servlet.handler.SimpleUrlHandlerMapping:315,Scanner-0] Mapped URL path [/static/**] onto handler 'org.springframework.web.servlet.resource.ResourceHttpRequestHandler#1'
2015-05-27 20:56:50 INFO  [org.springframework.web.servlet.handler.SimpleUrlHandlerMapping:315,Scanner-0] Mapped URL path [/**] onto handler 'org.springframework.web.servlet.resource.DefaultServletHttpRequestHandler#0'
2015-05-27 20:56:50 INFO  [org.springframework.web.servlet.view.freemarker.FreeMarkerConfigurer:127,Scanner-0] ClassTemplateLoader for Spring macros added to FreeMarker configuration
2015-05-27 20:56:50 INFO  [org.springframework.web.context.ContextLoader:325,Scanner-0] Root WebApplicationContext: initialization completed in 2446 ms
2015-05-27 20:56:51 INFO  [org.springframework.web.servlet.DispatcherServlet:479,Scanner-0] FrameworkServlet 'springmvc': initialization started
2015-05-27 20:56:51 INFO  [org.springframework.web.context.support.XmlWebApplicationContext:513,Scanner-0] Refreshing WebApplicationContext for namespace 'springmvc-servlet': startup date [Wed May 27 20:56:51 CST 2015]; parent: Root WebApplicationContext
2015-05-27 20:56:51 INFO  [org.springframework.beans.factory.xml.XmlBeanDefinitionReader:316,Scanner-0] Loading XML bean definitions from class path resource [spring/spring-config-mvc.xml]
2015-05-27 20:56:51 INFO  [org.springframework.beans.factory.annotation.AutowiredAnnotationBeanPostProcessor:141,Scanner-0] JSR-330 'javax.inject.Inject' annotation found and supported for autowiring
2015-05-27 20:56:51 INFO  [org.springframework.web.servlet.mvc.method.annotation.RequestMappingHandlerMapping:182,Scanner-0] Mapped "{[/shopmgr/query],methods=[],params=[],headers=[],consumes=[],produces=[],custom=[]}" onto public java.lang.String com.lezo.idober.action.BrandShopController.listShops(org.springframework.ui.ModelMap,java.lang.Integer,java.lang.Integer,java.lang.String)
2015-05-27 20:56:51 INFO  [org.springframework.web.servlet.mvc.method.annotation.RequestMappingHandlerMapping:182,Scanner-0] Mapped "{[/data/send],methods=[POST],params=[],headers=[],consumes=[],produces=[],custom=[]}" onto public java.lang.String com.lezo.idober.action.ChomeController.index(org.springframework.ui.ModelMap,java.lang.String)
2015-05-27 20:56:51 INFO  [org.springframework.web.servlet.mvc.method.annotation.RequestMappingHandlerMapping:182,Scanner-0] Mapped "{[/],methods=[GET],params=[],headers=[],consumes=[],produces=[],custom=[]}" onto public java.lang.String com.lezo.idober.action.HomeController.index(org.springframework.ui.ModelMap)
2015-05-27 20:56:51 INFO  [org.springframework.web.servlet.mvc.method.annotation.RequestMappingHandlerMapping:182,Scanner-0] Mapped "{[/track/list],methods=[],params=[],headers=[],consumes=[],produces=[],custom=[]}" onto public java.lang.String com.lezo.idober.action.PromotionController.listPromotionTrackers(org.springframework.ui.ModelMap,java.util.Date,java.lang.Integer,java.lang.Integer)
2015-05-27 20:56:51 INFO  [org.springframework.web.servlet.mvc.method.annotation.RequestMappingHandlerMapping:182,Scanner-0] Mapped "{[/proxy],methods=[],params=[],headers=[],consumes=[],produces=[],custom=[]}" onto public java.lang.String com.lezo.idober.action.ProxyController.listSource(org.springframework.ui.ModelMap,java.lang.Integer,java.lang.Integer)
2015-05-27 20:56:51 INFO  [org.springframework.web.servlet.mvc.method.annotation.RequestMappingHandlerMapping:182,Scanner-0] Mapped "{[/proxy/usource],methods=[],params=[],headers=[],consumes=[],produces=[],custom=[]}" onto public java.lang.String com.lezo.idober.action.ProxyController.updateSource(org.springframework.ui.ModelMap,java.lang.Long,java.lang.String,java.lang.String,java.lang.Integer,java.lang.Integer,java.lang.Integer)
2015-05-27 20:56:51 INFO  [org.springframework.web.servlet.mvc.method.annotation.RequestMappingHandlerMapping:182,Scanner-0] Mapped "{[/proxy/execsrc],methods=[],params=[],headers=[],consumes=[],produces=[],custom=[]}" onto public java.lang.String com.lezo.idober.action.ProxyController.execSource(org.springframework.ui.ModelMap,java.lang.Long,java.lang.String,java.lang.String,java.lang.Integer,java.lang.Integer,java.lang.Integer)
2015-05-27 20:56:51 INFO  [org.springframework.web.servlet.mvc.method.annotation.RequestMappingHandlerMapping:182,Scanner-0] Mapped "{[/search/build],methods=[],params=[],headers=[],consumes=[],produces=[],custom=[]}" onto public java.lang.String com.lezo.idober.action.SearchController.buildSearch(org.springframework.ui.ModelMap,java.lang.String,java.lang.Integer,java.lang.Integer)
2015-05-27 20:56:51 INFO  [org.springframework.web.servlet.mvc.method.annotation.RequestMappingHandlerMapping:182,Scanner-0] Mapped "{[/search/query],methods=[],params=[],headers=[],consumes=[],produces=[],custom=[]}" onto public com.lezo.idober.vo.ActionReturnVo com.lezo.idober.action.SearchController.getSearchResult(org.springframework.ui.ModelMap,java.lang.Long)
2015-05-27 20:56:51 INFO  [org.springframework.web.servlet.mvc.method.annotation.RequestMappingHandlerMapping:182,Scanner-0] Mapped "{[/similar/query],methods=[],params=[],headers=[],consumes=[],produces=[],custom=[]}" onto public com.lezo.idober.vo.PageReturnVo<java.util.List<com.lezo.iscript.service.crawler.dto.SimilarDto>> com.lezo.idober.action.SimilarController.getSimilarList(org.springframework.ui.ModelMap,java.lang.Long,java.lang.String,java.lang.Float,java.lang.Float,java.lang.Integer,java.lang.Integer)
2015-05-27 20:56:51 INFO  [org.springframework.web.servlet.mvc.method.annotation.RequestMappingHandlerMapping:182,Scanner-0] Mapped "{[/similar],methods=[],params=[],headers=[],consumes=[],produces=[],custom=[]}" onto public java.lang.String com.lezo.idober.action.SimilarController.getSimilarSummery(org.springframework.ui.ModelMap)
2015-05-27 20:56:51 INFO  [org.springframework.web.servlet.handler.SimpleUrlHandlerMapping:315,Scanner-0] Mapped URL path [/css/**] onto handler 'org.springframework.web.servlet.resource.ResourceHttpRequestHandler#0'
2015-05-27 20:56:51 INFO  [org.springframework.web.servlet.handler.SimpleUrlHandlerMapping:315,Scanner-0] Mapped URL path [/static/**] onto handler 'org.springframework.web.servlet.resource.ResourceHttpRequestHandler#1'
2015-05-27 20:56:51 INFO  [org.springframework.web.servlet.handler.SimpleUrlHandlerMapping:315,Scanner-0] Mapped URL path [/**] onto handler 'org.springframework.web.servlet.resource.DefaultServletHttpRequestHandler#0'
2015-05-27 20:56:51 INFO  [org.springframework.web.servlet.view.freemarker.FreeMarkerConfigurer:127,Scanner-0] ClassTemplateLoader for Spring macros added to FreeMarker configuration
2015-05-27 20:56:51 INFO  [org.springframework.web.servlet.DispatcherServlet:498,Scanner-0] FrameworkServlet 'springmvc': initialization completed in 346 ms
2015-05-27 20:56:53 INFO  [org.springframework.web.context.support.XmlWebApplicationContext:873,Scanner-0] Closing WebApplicationContext for namespace 'springmvc-servlet': startup date [Wed May 27 20:56:51 CST 2015]; parent: Root WebApplicationContext
2015-05-27 20:56:53 INFO  [org.springframework.web.context.support.XmlWebApplicationContext:873,Scanner-0] Closing Root WebApplicationContext: startup date [Wed May 27 20:56:48 CST 2015]; root of context hierarchy
2015-05-27 20:56:54 INFO  [com.alibaba.druid.pool.DruidDataSource:1244,Scanner-0] {dataSource-1} closed
2015-05-27 20:56:54 INFO  [org.springframework.web.context.ContextLoader:285,Scanner-0] Root WebApplicationContext: initialization started
2015-05-27 20:56:54 INFO  [org.springframework.web.context.support.XmlWebApplicationContext:513,Scanner-0] Refreshing Root WebApplicationContext: startup date [Wed May 27 20:56:54 CST 2015]; root of context hierarchy
2015-05-27 20:56:54 INFO  [org.springframework.beans.factory.xml.XmlBeanDefinitionReader:316,Scanner-0] Loading XML bean definitions from class path resource [spring-config-ds.xml]
2015-05-27 20:56:54 INFO  [org.springframework.beans.factory.xml.XmlBeanDefinitionReader:316,Scanner-0] Loading XML bean definitions from class path resource [spring/spring-config-jdbc.xml]
2015-05-27 20:56:54 INFO  [org.springframework.beans.factory.xml.XmlBeanDefinitionReader:316,Scanner-0] Loading XML bean definitions from class path resource [spring/spring-context-init.xml]
2015-05-27 20:56:54 INFO  [org.springframework.beans.factory.xml.XmlBeanDefinitionReader:316,Scanner-0] Loading XML bean definitions from class path resource [spring/spring-config-mvc.xml]
2015-05-27 20:56:54 INFO  [org.springframework.beans.factory.xml.XmlBeanDefinitionReader:316,Scanner-0] Loading XML bean definitions from class path resource [spring/spring-bean-crawler.xml]
2015-05-27 20:56:54 INFO  [org.springframework.beans.factory.xml.XmlBeanDefinitionReader:316,Scanner-0] Loading XML bean definitions from class path resource [spring/spring-bean-idober.xml]
2015-05-27 20:56:55 INFO  [org.springframework.beans.factory.config.PropertyPlaceholderConfigurer:172,Scanner-0] Loading properties file from class path resource [jdbc.properties]
2015-05-27 20:56:55 INFO  [org.springframework.beans.factory.annotation.AutowiredAnnotationBeanPostProcessor:141,Scanner-0] JSR-330 'javax.inject.Inject' annotation found and supported for autowiring
2015-05-27 20:56:55 INFO  [com.alibaba.druid.pool.DruidDataSource:633,Scanner-0] {dataSource-1} inited
2015-05-27 20:56:55 INFO  [org.springframework.web.servlet.mvc.method.annotation.RequestMappingHandlerMapping:182,Scanner-0] Mapped "{[/shopmgr/query],methods=[],params=[],headers=[],consumes=[],produces=[],custom=[]}" onto public java.lang.String com.lezo.idober.action.BrandShopController.listShops(org.springframework.ui.ModelMap,java.lang.Integer,java.lang.Integer,java.lang.String)
2015-05-27 20:56:56 INFO  [org.springframework.web.servlet.mvc.method.annotation.RequestMappingHandlerMapping:182,Scanner-0] Mapped "{[/data/send],methods=[POST],params=[],headers=[],consumes=[],produces=[],custom=[]}" onto public java.lang.String com.lezo.idober.action.ChomeController.index(org.springframework.ui.ModelMap,java.lang.String)
2015-05-27 20:56:56 INFO  [org.springframework.web.servlet.mvc.method.annotation.RequestMappingHandlerMapping:182,Scanner-0] Mapped "{[/],methods=[GET],params=[],headers=[],consumes=[],produces=[],custom=[]}" onto public java.lang.String com.lezo.idober.action.HomeController.index(org.springframework.ui.ModelMap)
2015-05-27 20:56:56 INFO  [org.springframework.web.servlet.mvc.method.annotation.RequestMappingHandlerMapping:182,Scanner-0] Mapped "{[/track/list],methods=[],params=[],headers=[],consumes=[],produces=[],custom=[]}" onto public java.lang.String com.lezo.idober.action.PromotionController.listPromotionTrackers(org.springframework.ui.ModelMap,java.util.Date,java.lang.Integer,java.lang.Integer)
2015-05-27 20:56:56 INFO  [org.springframework.web.servlet.mvc.method.annotation.RequestMappingHandlerMapping:182,Scanner-0] Mapped "{[/proxy],methods=[],params=[],headers=[],consumes=[],produces=[],custom=[]}" onto public java.lang.String com.lezo.idober.action.ProxyController.listSource(org.springframework.ui.ModelMap,java.lang.Integer,java.lang.Integer)
2015-05-27 20:56:56 INFO  [org.springframework.web.servlet.mvc.method.annotation.RequestMappingHandlerMapping:182,Scanner-0] Mapped "{[/proxy/usource],methods=[],params=[],headers=[],consumes=[],produces=[],custom=[]}" onto public java.lang.String com.lezo.idober.action.ProxyController.updateSource(org.springframework.ui.ModelMap,java.lang.Long,java.lang.String,java.lang.String,java.lang.Integer,java.lang.Integer,java.lang.Integer)
2015-05-27 20:56:56 INFO  [org.springframework.web.servlet.mvc.method.annotation.RequestMappingHandlerMapping:182,Scanner-0] Mapped "{[/proxy/execsrc],methods=[],params=[],headers=[],consumes=[],produces=[],custom=[]}" onto public java.lang.String com.lezo.idober.action.ProxyController.execSource(org.springframework.ui.ModelMap,java.lang.Long,java.lang.String,java.lang.String,java.lang.Integer,java.lang.Integer,java.lang.Integer)
2015-05-27 20:56:56 INFO  [org.springframework.web.servlet.mvc.method.annotation.RequestMappingHandlerMapping:182,Scanner-0] Mapped "{[/search/build],methods=[],params=[],headers=[],consumes=[],produces=[],custom=[]}" onto public java.lang.String com.lezo.idober.action.SearchController.buildSearch(org.springframework.ui.ModelMap,java.lang.String,java.lang.Integer,java.lang.Integer)
2015-05-27 20:56:56 INFO  [org.springframework.web.servlet.mvc.method.annotation.RequestMappingHandlerMapping:182,Scanner-0] Mapped "{[/search/query],methods=[],params=[],headers=[],consumes=[],produces=[],custom=[]}" onto public com.lezo.idober.vo.ActionReturnVo com.lezo.idober.action.SearchController.getSearchResult(org.springframework.ui.ModelMap,java.lang.Long)
2015-05-27 20:56:56 INFO  [org.springframework.web.servlet.mvc.method.annotation.RequestMappingHandlerMapping:182,Scanner-0] Mapped "{[/similar/query],methods=[],params=[],headers=[],consumes=[],produces=[],custom=[]}" onto public com.lezo.idober.vo.PageReturnVo<java.util.List<com.lezo.iscript.service.crawler.dto.SimilarDto>> com.lezo.idober.action.SimilarController.getSimilarList(org.springframework.ui.ModelMap,java.lang.Long,java.lang.String,java.lang.Float,java.lang.Float,java.lang.Integer,java.lang.Integer)
2015-05-27 20:56:56 INFO  [org.springframework.web.servlet.mvc.method.annotation.RequestMappingHandlerMapping:182,Scanner-0] Mapped "{[/similar],methods=[],params=[],headers=[],consumes=[],produces=[],custom=[]}" onto public java.lang.String com.lezo.idober.action.SimilarController.getSimilarSummery(org.springframework.ui.ModelMap)
2015-05-27 20:56:56 INFO  [org.springframework.web.servlet.handler.SimpleUrlHandlerMapping:315,Scanner-0] Mapped URL path [/css/**] onto handler 'org.springframework.web.servlet.resource.ResourceHttpRequestHandler#0'
2015-05-27 20:56:56 INFO  [org.springframework.web.servlet.handler.SimpleUrlHandlerMapping:315,Scanner-0] Mapped URL path [/static/**] onto handler 'org.springframework.web.servlet.resource.ResourceHttpRequestHandler#1'
2015-05-27 20:56:56 INFO  [org.springframework.web.servlet.handler.SimpleUrlHandlerMapping:315,Scanner-0] Mapped URL path [/**] onto handler 'org.springframework.web.servlet.resource.DefaultServletHttpRequestHandler#0'
2015-05-27 20:56:56 INFO  [org.springframework.web.servlet.view.freemarker.FreeMarkerConfigurer:127,Scanner-0] ClassTemplateLoader for Spring macros added to FreeMarker configuration
2015-05-27 20:56:56 INFO  [org.springframework.web.context.ContextLoader:325,Scanner-0] Root WebApplicationContext: initialization completed in 2123 ms
2015-05-27 20:56:57 INFO  [org.springframework.web.servlet.DispatcherServlet:479,Scanner-0] FrameworkServlet 'springmvc': initialization started
2015-05-27 20:56:57 INFO  [org.springframework.web.context.support.XmlWebApplicationContext:513,Scanner-0] Refreshing WebApplicationContext for namespace 'springmvc-servlet': startup date [Wed May 27 20:56:57 CST 2015]; parent: Root WebApplicationContext
2015-05-27 20:56:57 INFO  [org.springframework.beans.factory.xml.XmlBeanDefinitionReader:316,Scanner-0] Loading XML bean definitions from class path resource [spring/spring-config-mvc.xml]
2015-05-27 20:56:57 INFO  [org.springframework.beans.factory.annotation.AutowiredAnnotationBeanPostProcessor:141,Scanner-0] JSR-330 'javax.inject.Inject' annotation found and supported for autowiring
2015-05-27 20:56:57 INFO  [org.springframework.web.servlet.mvc.method.annotation.RequestMappingHandlerMapping:182,Scanner-0] Mapped "{[/shopmgr/query],methods=[],params=[],headers=[],consumes=[],produces=[],custom=[]}" onto public java.lang.String com.lezo.idober.action.BrandShopController.listShops(org.springframework.ui.ModelMap,java.lang.Integer,java.lang.Integer,java.lang.String)
2015-05-27 20:56:57 INFO  [org.springframework.web.servlet.mvc.method.annotation.RequestMappingHandlerMapping:182,Scanner-0] Mapped "{[/data/send],methods=[POST],params=[],headers=[],consumes=[],produces=[],custom=[]}" onto public java.lang.String com.lezo.idober.action.ChomeController.index(org.springframework.ui.ModelMap,java.lang.String)
2015-05-27 20:56:57 INFO  [org.springframework.web.servlet.mvc.method.annotation.RequestMappingHandlerMapping:182,Scanner-0] Mapped "{[/],methods=[GET],params=[],headers=[],consumes=[],produces=[],custom=[]}" onto public java.lang.String com.lezo.idober.action.HomeController.index(org.springframework.ui.ModelMap)
2015-05-27 20:56:57 INFO  [org.springframework.web.servlet.mvc.method.annotation.RequestMappingHandlerMapping:182,Scanner-0] Mapped "{[/track/list],methods=[],params=[],headers=[],consumes=[],produces=[],custom=[]}" onto public java.lang.String com.lezo.idober.action.PromotionController.listPromotionTrackers(org.springframework.ui.ModelMap,java.util.Date,java.lang.Integer,java.lang.Integer)
2015-05-27 20:56:57 INFO  [org.springframework.web.servlet.mvc.method.annotation.RequestMappingHandlerMapping:182,Scanner-0] Mapped "{[/proxy],methods=[],params=[],headers=[],consumes=[],produces=[],custom=[]}" onto public java.lang.String com.lezo.idober.action.ProxyController.listSource(org.springframework.ui.ModelMap,java.lang.Integer,java.lang.Integer)
2015-05-27 20:56:57 INFO  [org.springframework.web.servlet.mvc.method.annotation.RequestMappingHandlerMapping:182,Scanner-0] Mapped "{[/proxy/usource],methods=[],params=[],headers=[],consumes=[],produces=[],custom=[]}" onto public java.lang.String com.lezo.idober.action.ProxyController.updateSource(org.springframework.ui.ModelMap,java.lang.Long,java.lang.String,java.lang.String,java.lang.Integer,java.lang.Integer,java.lang.Integer)
2015-05-27 20:56:57 INFO  [org.springframework.web.servlet.mvc.method.annotation.RequestMappingHandlerMapping:182,Scanner-0] Mapped "{[/proxy/execsrc],methods=[],params=[],headers=[],consumes=[],produces=[],custom=[]}" onto public java.lang.String com.lezo.idober.action.ProxyController.execSource(org.springframework.ui.ModelMap,java.lang.Long,java.lang.String,java.lang.String,java.lang.Integer,java.lang.Integer,java.lang.Integer)
2015-05-27 20:56:57 INFO  [org.springframework.web.servlet.mvc.method.annotation.RequestMappingHandlerMapping:182,Scanner-0] Mapped "{[/search/build],methods=[],params=[],headers=[],consumes=[],produces=[],custom=[]}" onto public java.lang.String com.lezo.idober.action.SearchController.buildSearch(org.springframework.ui.ModelMap,java.lang.String,java.lang.Integer,java.lang.Integer)
2015-05-27 20:56:57 INFO  [org.springframework.web.servlet.mvc.method.annotation.RequestMappingHandlerMapping:182,Scanner-0] Mapped "{[/search/query],methods=[],params=[],headers=[],consumes=[],produces=[],custom=[]}" onto public com.lezo.idober.vo.ActionReturnVo com.lezo.idober.action.SearchController.getSearchResult(org.springframework.ui.ModelMap,java.lang.Long)
2015-05-27 20:56:57 INFO  [org.springframework.web.servlet.mvc.method.annotation.RequestMappingHandlerMapping:182,Scanner-0] Mapped "{[/similar/query],methods=[],params=[],headers=[],consumes=[],produces=[],custom=[]}" onto public com.lezo.idober.vo.PageReturnVo<java.util.List<com.lezo.iscript.service.crawler.dto.SimilarDto>> com.lezo.idober.action.SimilarController.getSimilarList(org.springframework.ui.ModelMap,java.lang.Long,java.lang.String,java.lang.Float,java.lang.Float,java.lang.Integer,java.lang.Integer)
2015-05-27 20:56:57 INFO  [org.springframework.web.servlet.mvc.method.annotation.RequestMappingHandlerMapping:182,Scanner-0] Mapped "{[/similar],methods=[],params=[],headers=[],consumes=[],produces=[],custom=[]}" onto public java.lang.String com.lezo.idober.action.SimilarController.getSimilarSummery(org.springframework.ui.ModelMap)
2015-05-27 20:56:57 INFO  [org.springframework.web.servlet.handler.SimpleUrlHandlerMapping:315,Scanner-0] Mapped URL path [/css/**] onto handler 'org.springframework.web.servlet.resource.ResourceHttpRequestHandler#0'
2015-05-27 20:56:57 INFO  [org.springframework.web.servlet.handler.SimpleUrlHandlerMapping:315,Scanner-0] Mapped URL path [/static/**] onto handler 'org.springframework.web.servlet.resource.ResourceHttpRequestHandler#1'
2015-05-27 20:56:57 INFO  [org.springframework.web.servlet.handler.SimpleUrlHandlerMapping:315,Scanner-0] Mapped URL path [/**] onto handler 'org.springframework.web.servlet.resource.DefaultServletHttpRequestHandler#0'
2015-05-27 20:56:57 INFO  [org.springframework.web.servlet.view.freemarker.FreeMarkerConfigurer:127,Scanner-0] ClassTemplateLoader for Spring macros added to FreeMarker configuration
2015-05-27 20:56:57 INFO  [org.springframework.web.servlet.DispatcherServlet:498,Scanner-0] FrameworkServlet 'springmvc': initialization completed in 349 ms
2015-05-27 20:57:00 INFO  [org.springframework.web.context.support.XmlWebApplicationContext:873,Scanner-0] Closing WebApplicationContext for namespace 'springmvc-servlet': startup date [Wed May 27 20:56:57 CST 2015]; parent: Root WebApplicationContext
2015-05-27 20:57:00 INFO  [org.springframework.web.context.support.XmlWebApplicationContext:873,Scanner-0] Closing Root WebApplicationContext: startup date [Wed May 27 20:56:54 CST 2015]; root of context hierarchy
2015-05-27 20:57:00 INFO  [com.alibaba.druid.pool.DruidDataSource:1244,Scanner-0] {dataSource-1} closed
