2015-05-30 09:34:39 INFO  [org.springframework.web.context.support.XmlWebApplicationContext:873,Thread-1] Closing WebApplicationContext for namespace 'springmvc-servlet': startup date [Fri May 29 20:45:53 CST 2015]; parent: Root WebApplicationContext
2015-05-30 09:34:39 INFO  [org.springframework.web.context.support.XmlWebApplicationContext:873,Thread-1] Closing Root WebApplicationContext: startup date [Fri May 29 20:45:46 CST 2015]; root of context hierarchy
2015-05-30 09:34:39 INFO  [com.alibaba.druid.pool.DruidDataSource:1244,Thread-1] {dataSource-1} closed
2015-05-30 10:05:43 INFO  [org.springframework.web.context.ContextLoader:285,main] Root WebApplicationContext: initialization started
2015-05-30 10:05:43 INFO  [org.springframework.web.context.support.XmlWebApplicationContext:513,main] Refreshing Root WebApplicationContext: startup date [Sat May 30 10:05:43 CST 2015]; root of context hierarchy
2015-05-30 10:05:44 INFO  [org.springframework.beans.factory.xml.XmlBeanDefinitionReader:316,main] Loading XML bean definitions from class path resource [spring-config-ds.xml]
2015-05-30 10:05:44 INFO  [org.springframework.beans.factory.xml.XmlBeanDefinitionReader:316,main] Loading XML bean definitions from class path resource [spring/spring-config-jdbc.xml]
2015-05-30 10:05:44 INFO  [org.springframework.beans.factory.xml.XmlBeanDefinitionReader:316,main] Loading XML bean definitions from class path resource [spring/spring-context-init.xml]
2015-05-30 10:05:44 INFO  [org.springframework.beans.factory.xml.XmlBeanDefinitionReader:316,main] Loading XML bean definitions from class path resource [spring/spring-config-mvc.xml]
2015-05-30 10:05:44 INFO  [org.springframework.beans.factory.xml.XmlBeanDefinitionReader:316,main] Loading XML bean definitions from class path resource [spring/spring-bean-crawler.xml]
2015-05-30 10:05:44 INFO  [org.springframework.beans.factory.xml.XmlBeanDefinitionReader:316,main] Loading XML bean definitions from class path resource [spring/spring-bean-idober.xml]
2015-05-30 10:05:44 INFO  [org.springframework.beans.factory.config.PropertyPlaceholderConfigurer:172,main] Loading properties file from class path resource [jdbc.properties]
2015-05-30 10:05:44 INFO  [org.springframework.beans.factory.annotation.AutowiredAnnotationBeanPostProcessor:141,main] JSR-330 'javax.inject.Inject' annotation found and supported for autowiring
2015-05-30 10:05:45 INFO  [com.alibaba.druid.pool.DruidDataSource:633,main] {dataSource-1} inited
2015-05-30 10:05:46 INFO  [org.springframework.web.servlet.mvc.method.annotation.RequestMappingHandlerMapping:182,main] Mapped "{[/shopmgr/query],methods=[],params=[],headers=[],consumes=[],produces=[],custom=[]}" onto public java.lang.String com.lezo.idober.action.BrandShopController.listShops(org.springframework.ui.ModelMap,java.lang.Integer,java.lang.Integer,java.lang.String)
2015-05-30 10:05:46 INFO  [org.springframework.web.servlet.mvc.method.annotation.RequestMappingHandlerMapping:182,main] Mapped "{[/data/send],methods=[POST],params=[],headers=[],consumes=[],produces=[],custom=[]}" onto public java.lang.String com.lezo.idober.action.ChomeController.index(org.springframework.ui.ModelMap,java.lang.String)
2015-05-30 10:05:46 INFO  [org.springframework.web.servlet.mvc.method.annotation.RequestMappingHandlerMapping:182,main] Mapped "{[/],methods=[GET],params=[],headers=[],consumes=[],produces=[],custom=[]}" onto public java.lang.String com.lezo.idober.action.HomeController.index(org.springframework.ui.ModelMap)
2015-05-30 10:05:46 INFO  [org.springframework.web.servlet.mvc.method.annotation.RequestMappingHandlerMapping:182,main] Mapped "{[/track/list],methods=[],params=[],headers=[],consumes=[],produces=[],custom=[]}" onto public java.lang.String com.lezo.idober.action.PromotionController.listPromotionTrackers(org.springframework.ui.ModelMap,java.util.Date,java.lang.Integer,java.lang.Integer)
2015-05-30 10:05:46 INFO  [org.springframework.web.servlet.mvc.method.annotation.RequestMappingHandlerMapping:182,main] Mapped "{[/proxy],methods=[],params=[],headers=[],consumes=[],produces=[],custom=[]}" onto public java.lang.String com.lezo.idober.action.ProxyController.listSource(org.springframework.ui.ModelMap,java.lang.Integer,java.lang.Integer)
2015-05-30 10:05:46 INFO  [org.springframework.web.servlet.mvc.method.annotation.RequestMappingHandlerMapping:182,main] Mapped "{[/proxy/usource],methods=[],params=[],headers=[],consumes=[],produces=[],custom=[]}" onto public java.lang.String com.lezo.idober.action.ProxyController.updateSource(org.springframework.ui.ModelMap,java.lang.Long,java.lang.String,java.lang.String,java.lang.Integer,java.lang.Integer,java.lang.Integer)
2015-05-30 10:05:46 INFO  [org.springframework.web.servlet.mvc.method.annotation.RequestMappingHandlerMapping:182,main] Mapped "{[/proxy/execsrc],methods=[],params=[],headers=[],consumes=[],produces=[],custom=[]}" onto public java.lang.String com.lezo.idober.action.ProxyController.execSource(org.springframework.ui.ModelMap,java.lang.Long,java.lang.String,java.lang.String,java.lang.Integer,java.lang.Integer,java.lang.Integer)
2015-05-30 10:05:46 INFO  [org.springframework.web.servlet.mvc.method.annotation.RequestMappingHandlerMapping:182,main] Mapped "{[/search/build],methods=[],params=[],headers=[],consumes=[],produces=[],custom=[]}" onto public java.lang.String com.lezo.idober.action.SearchController.buildSearch(org.springframework.ui.ModelMap,java.lang.String,java.lang.Integer,java.lang.Integer)
2015-05-30 10:05:46 INFO  [org.springframework.web.servlet.mvc.method.annotation.RequestMappingHandlerMapping:182,main] Mapped "{[/search/query],methods=[],params=[],headers=[],consumes=[],produces=[],custom=[]}" onto public com.lezo.idober.vo.ActionReturnVo com.lezo.idober.action.SearchController.getSearchResult(org.springframework.ui.ModelMap,java.lang.Long)
2015-05-30 10:05:46 INFO  [org.springframework.web.servlet.mvc.method.annotation.RequestMappingHandlerMapping:182,main] Mapped "{[/similar/query],methods=[],params=[],headers=[],consumes=[],produces=[],custom=[]}" onto public com.lezo.idober.vo.PageReturnVo<java.util.List<com.lezo.iscript.service.crawler.dto.SimilarDto>> com.lezo.idober.action.SimilarController.getSimilarList(org.springframework.ui.ModelMap,java.lang.Long,java.lang.String,java.lang.Float,java.lang.Float,java.lang.Integer,java.lang.Integer)
2015-05-30 10:05:46 INFO  [org.springframework.web.servlet.mvc.method.annotation.RequestMappingHandlerMapping:182,main] Mapped "{[/similar],methods=[],params=[],headers=[],consumes=[],produces=[],custom=[]}" onto public java.lang.String com.lezo.idober.action.SimilarController.getSimilarSummery(org.springframework.ui.ModelMap)
2015-05-30 10:05:47 INFO  [org.springframework.web.servlet.handler.SimpleUrlHandlerMapping:315,main] Mapped URL path [/css/**] onto handler 'org.springframework.web.servlet.resource.ResourceHttpRequestHandler#0'
2015-05-30 10:05:47 INFO  [org.springframework.web.servlet.handler.SimpleUrlHandlerMapping:315,main] Mapped URL path [/static/**] onto handler 'org.springframework.web.servlet.resource.ResourceHttpRequestHandler#1'
2015-05-30 10:05:47 INFO  [org.springframework.web.servlet.handler.SimpleUrlHandlerMapping:315,main] Mapped URL path [/**] onto handler 'org.springframework.web.servlet.resource.DefaultServletHttpRequestHandler#0'
2015-05-30 10:05:47 INFO  [org.springframework.web.servlet.view.freemarker.FreeMarkerConfigurer:127,main] ClassTemplateLoader for Spring macros added to FreeMarker configuration
2015-05-30 10:05:47 INFO  [org.springframework.web.context.ContextLoader:325,main] Root WebApplicationContext: initialization completed in 3420 ms
2015-05-30 10:05:47 INFO  [org.springframework.web.servlet.DispatcherServlet:479,main] FrameworkServlet 'springmvc': initialization started
2015-05-30 10:05:47 INFO  [org.springframework.web.context.support.XmlWebApplicationContext:513,main] Refreshing WebApplicationContext for namespace 'springmvc-servlet': startup date [Sat May 30 10:05:47 CST 2015]; parent: Root WebApplicationContext
2015-05-30 10:05:47 INFO  [org.springframework.beans.factory.xml.XmlBeanDefinitionReader:316,main] Loading XML bean definitions from class path resource [spring/spring-config-mvc.xml]
2015-05-30 10:05:47 INFO  [org.springframework.beans.factory.annotation.AutowiredAnnotationBeanPostProcessor:141,main] JSR-330 'javax.inject.Inject' annotation found and supported for autowiring
2015-05-30 10:05:47 INFO  [org.springframework.web.servlet.mvc.method.annotation.RequestMappingHandlerMapping:182,main] Mapped "{[/shopmgr/query],methods=[],params=[],headers=[],consumes=[],produces=[],custom=[]}" onto public java.lang.String com.lezo.idober.action.BrandShopController.listShops(org.springframework.ui.ModelMap,java.lang.Integer,java.lang.Integer,java.lang.String)
2015-05-30 10:05:47 INFO  [org.springframework.web.servlet.mvc.method.annotation.RequestMappingHandlerMapping:182,main] Mapped "{[/data/send],methods=[POST],params=[],headers=[],consumes=[],produces=[],custom=[]}" onto public java.lang.String com.lezo.idober.action.ChomeController.index(org.springframework.ui.ModelMap,java.lang.String)
2015-05-30 10:05:47 INFO  [org.springframework.web.servlet.mvc.method.annotation.RequestMappingHandlerMapping:182,main] Mapped "{[/],methods=[GET],params=[],headers=[],consumes=[],produces=[],custom=[]}" onto public java.lang.String com.lezo.idober.action.HomeController.index(org.springframework.ui.ModelMap)
2015-05-30 10:05:47 INFO  [org.springframework.web.servlet.mvc.method.annotation.RequestMappingHandlerMapping:182,main] Mapped "{[/track/list],methods=[],params=[],headers=[],consumes=[],produces=[],custom=[]}" onto public java.lang.String com.lezo.idober.action.PromotionController.listPromotionTrackers(org.springframework.ui.ModelMap,java.util.Date,java.lang.Integer,java.lang.Integer)
2015-05-30 10:05:47 INFO  [org.springframework.web.servlet.mvc.method.annotation.RequestMappingHandlerMapping:182,main] Mapped "{[/proxy],methods=[],params=[],headers=[],consumes=[],produces=[],custom=[]}" onto public java.lang.String com.lezo.idober.action.ProxyController.listSource(org.springframework.ui.ModelMap,java.lang.Integer,java.lang.Integer)
2015-05-30 10:05:47 INFO  [org.springframework.web.servlet.mvc.method.annotation.RequestMappingHandlerMapping:182,main] Mapped "{[/proxy/usource],methods=[],params=[],headers=[],consumes=[],produces=[],custom=[]}" onto public java.lang.String com.lezo.idober.action.ProxyController.updateSource(org.springframework.ui.ModelMap,java.lang.Long,java.lang.String,java.lang.String,java.lang.Integer,java.lang.Integer,java.lang.Integer)
2015-05-30 10:05:47 INFO  [org.springframework.web.servlet.mvc.method.annotation.RequestMappingHandlerMapping:182,main] Mapped "{[/proxy/execsrc],methods=[],params=[],headers=[],consumes=[],produces=[],custom=[]}" onto public java.lang.String com.lezo.idober.action.ProxyController.execSource(org.springframework.ui.ModelMap,java.lang.Long,java.lang.String,java.lang.String,java.lang.Integer,java.lang.Integer,java.lang.Integer)
2015-05-30 10:05:47 INFO  [org.springframework.web.servlet.mvc.method.annotation.RequestMappingHandlerMapping:182,main] Mapped "{[/search/build],methods=[],params=[],headers=[],consumes=[],produces=[],custom=[]}" onto public java.lang.String com.lezo.idober.action.SearchController.buildSearch(org.springframework.ui.ModelMap,java.lang.String,java.lang.Integer,java.lang.Integer)
2015-05-30 10:05:47 INFO  [org.springframework.web.servlet.mvc.method.annotation.RequestMappingHandlerMapping:182,main] Mapped "{[/search/query],methods=[],params=[],headers=[],consumes=[],produces=[],custom=[]}" onto public com.lezo.idober.vo.ActionReturnVo com.lezo.idober.action.SearchController.getSearchResult(org.springframework.ui.ModelMap,java.lang.Long)
2015-05-30 10:05:47 INFO  [org.springframework.web.servlet.mvc.method.annotation.RequestMappingHandlerMapping:182,main] Mapped "{[/similar/query],methods=[],params=[],headers=[],consumes=[],produces=[],custom=[]}" onto public com.lezo.idober.vo.PageReturnVo<java.util.List<com.lezo.iscript.service.crawler.dto.SimilarDto>> com.lezo.idober.action.SimilarController.getSimilarList(org.springframework.ui.ModelMap,java.lang.Long,java.lang.String,java.lang.Float,java.lang.Float,java.lang.Integer,java.lang.Integer)
2015-05-30 10:05:47 INFO  [org.springframework.web.servlet.mvc.method.annotation.RequestMappingHandlerMapping:182,main] Mapped "{[/similar],methods=[],params=[],headers=[],consumes=[],produces=[],custom=[]}" onto public java.lang.String com.lezo.idober.action.SimilarController.getSimilarSummery(org.springframework.ui.ModelMap)
2015-05-30 10:05:48 INFO  [org.springframework.web.servlet.handler.SimpleUrlHandlerMapping:315,main] Mapped URL path [/css/**] onto handler 'org.springframework.web.servlet.resource.ResourceHttpRequestHandler#0'
2015-05-30 10:05:48 INFO  [org.springframework.web.servlet.handler.SimpleUrlHandlerMapping:315,main] Mapped URL path [/static/**] onto handler 'org.springframework.web.servlet.resource.ResourceHttpRequestHandler#1'
2015-05-30 10:05:48 INFO  [org.springframework.web.servlet.handler.SimpleUrlHandlerMapping:315,main] Mapped URL path [/**] onto handler 'org.springframework.web.servlet.resource.DefaultServletHttpRequestHandler#0'
2015-05-30 10:05:48 INFO  [org.springframework.web.servlet.view.freemarker.FreeMarkerConfigurer:127,main] ClassTemplateLoader for Spring macros added to FreeMarker configuration
2015-05-30 10:05:48 INFO  [org.springframework.web.servlet.DispatcherServlet:498,main] FrameworkServlet 'springmvc': initialization completed in 414 ms
2015-05-30 17:26:38 INFO  [org.springframework.web.context.support.XmlWebApplicationContext:873,Thread-1] Closing WebApplicationContext for namespace 'springmvc-servlet': startup date [Sat May 30 10:05:47 CST 2015]; parent: Root WebApplicationContext
2015-05-30 17:26:38 INFO  [org.springframework.web.context.support.XmlWebApplicationContext:873,Thread-1] Closing Root WebApplicationContext: startup date [Sat May 30 10:05:43 CST 2015]; root of context hierarchy
2015-05-30 17:26:38 INFO  [com.alibaba.druid.pool.DruidDataSource:1244,Thread-1] {dataSource-1} closed
